<?xml version="1.0" encoding="UTF-8"?>
<testsuite xmlns:xsi="http://www.w3.org/2001/XMLSchema-instance" xsi:noNamespaceSchemaLocation="https://maven.apache.org/surefire/maven-surefire-plugin/xsd/surefire-test-report-3.0.xsd" version="3.0" name="ClientThreadTests" time="0.027" tests="10" errors="0" skipped="0" failures="0">
  <properties>
[...]
</properties>
  <testcase name="testCheckValidCharacterMethodIndexNotFoundNotNull" classname="ClientThreadTests" time="0.011"/>
  <testcase name="testReplaceCharAtIndexNotNull" classname="ClientThreadTests" time="0.0"/>
  <testcase name="testCheckValidCharacterMethod" classname="ClientThreadTests" time="0.001"/>
  <testcase name="testCheckValidCharacterMethodNotIncorrect" classname="ClientThreadTests" time="0.001"/>
  <testcase name="testReplaceCharAtIndexEmptyString" classname="ClientThreadTests" time="0.001"/>
  <testcase name="testReplaceCharAtIndexRealEmptyString" classname="ClientThreadTests" time="0.0"/>
  <testcase name="testReplaceCharAtIndexNotIncorrect" classname="ClientThreadTests" time="0.001"/>
  <testcase name="testCheckValidCharacterMethodIndexNotFoundNotIncorrect" classname="ClientThreadTests" time="0.001"/>
  <testcase name="testReplaceCharAtIndex" classname="ClientThreadTests" time="0.0"/>
  <testcase name="testCheckValidCharacterMethodIndexNotFound" classname="ClientThreadTests" time="0.0"/>
</testsuite>